2023-04-21 22:29:14,589 - root - INFO - Producer 4 published Tea(name='Pai Mu Tan', price=9, type='White')
2023-04-21 22:29:14,594 - root - INFO - Producer 41 did not manage to publish Tea(name='English Breakfast', price=2, type='Black')
2023-04-21 22:29:14,602 - root - INFO - Producer 7 published Tea(name='Pai Mu Tan', price=9, type='White')
2023-04-21 22:29:14,605 - root - INFO - Producer 36 did not manage to publish Coffee(name='Arabica', price=9, acidity=5.02, roast_level='MEDIUM')
2023-04-21 22:29:14,610 - root - INFO - Producer 39 did not manage to publish Tea(name='English Breakfast', price=2, type='Black')
2023-04-21 22:29:14,616 - root - INFO - Producer 33 did not manage to publish Tea(name='Pai Mu Tan', price=9, type='White')
2023-04-21 22:29:14,622 - root - INFO - Producer 34 did not manage to publish Tea(name='English Breakfast', price=2, type='Black')
2023-04-21 22:29:14,629 - root - INFO - Producer 6 did not manage to publish Coffee(name='Brasil', price=7, acidity=5.09, roast_level='MEDIUM')
2023-04-21 22:29:14,631 - root - INFO - Producer 47 did not manage to publish Tea(name='English Breakfast', price=2, type='Black')
2023-04-21 22:29:14,633 - root - INFO - Producer 42 did not manage to publish Coffee(name='Robusta', price=3, acidity=5.0, roast_level='MEDIUM')
2023-04-21 22:29:14,635 - root - INFO - Producer 16 did not manage to publish Tea(name='Pai Mu Tan', price=9, type='White')
2023-04-21 22:29:14,636 - root - INFO - Producer 11 did not manage to publish Coffee(name='Indonezia', price=1, acidity=5.05, roast_level='MEDIUM')
2023-04-21 22:29:14,640 - root - INFO - Producer 45 did not manage to publish Tea(name='Pai Mu Tan', price=9, type='White')
2023-04-21 22:29:14,645 - root - INFO - Producer 22 did not manage to publish Tea(name='English Breakfast', price=2, type='Black')
2023-04-21 22:29:14,657 - root - INFO - Producer 44 did not manage to publish Coffee(name='Indonezia', price=1, acidity=5.05, roast_level='MEDIUM')
2023-04-21 22:29:14,660 - root - INFO - Producer 18 did not manage to publish Coffee(name='Robusta', price=3, acidity=5.0, roast_level='MEDIUM')
2023-04-21 22:29:14,664 - root - INFO - Producer 23 did not manage to publish Tea(name='Pai Mu Tan', price=9, type='White')
2023-04-21 22:29:14,674 - root - INFO - Producer 9 did not manage to publish Tea(name='Vietnam Oolong', price=10, type='Oolong')
2023-04-21 22:29:14,676 - root - INFO - Producer 14 did not manage to publish Coffee(name='Ethiopia', price=10, acidity=5.09, roast_level='MEDIUM')
2023-04-21 22:29:14,676 - root - INFO - Producer 8 did not manage to publish Coffee(name='Indonezia', price=1, acidity=5.05, roast_level='MEDIUM')
2023-04-21 22:29:14,676 - root - INFO - Producer 30 did not manage to publish Coffee(name='Indonezia', price=1, acidity=5.05, roast_level='MEDIUM')
2023-04-21 22:29:14,677 - root - INFO - Producer 2 published Coffee(name='Indonezia', price=1, acidity=5.05, roast_level='MEDIUM')
2023-04-21 22:29:14,679 - root - INFO - Producer 43 did not manage to publish Tea(name='White Peach', price=5, type='White')
2023-04-21 22:29:14,680 - root - INFO - Producer 40 did not manage to publish Coffee(name='Ethiopia', price=10, acidity=5.09, roast_level='MEDIUM')
2023-04-21 22:29:14,680 - root - INFO - Producer 29 did not manage to publish Tea(name='Jasmine', price=6, type='Green')
2023-04-21 22:29:14,686 - root - INFO - Producer 36 did not manage to publish Coffee(name='Arabica', price=9, acidity=5.02, roast_level='MEDIUM')
2023-04-21 22:29:14,689 - root - INFO - Producer 17 did not manage to publish Tea(name='English Breakfast', price=2, type='Black')
2023-04-21 22:29:14,701 - root - INFO - Producer 47 did not manage to publish Tea(name='English Breakfast', price=2, type='Black')
2023-04-21 22:29:14,702 - root - INFO - Producer 35 did not manage to publish Coffee(name='Ethiopia', price=10, acidity=5.09, roast_level='MEDIUM')
2023-04-21 22:29:14,709 - root - INFO - Producer 21 did not manage to publish Tea(name='Vietnam Oolong', price=10, type='Oolong')
2023-04-21 22:29:14,709 - root - INFO - Producer 6 did not manage to publish Coffee(name='Brasil', price=7, acidity=5.09, roast_level='MEDIUM')
2023-04-21 22:29:14,713 - root - INFO - Producer 1 published Tea(name='White Peach', price=5, type='White')
2023-04-21 22:29:14,714 - root - INFO - Producer 20 did not manage to publish Coffee(name='Brasil', price=7, acidity=5.09, roast_level='MEDIUM')
2023-04-21 22:29:14,716 - root - INFO - Producer 37 did not manage to publish Tea(name='Pai Mu Tan', price=9, type='White')
2023-04-21 22:29:14,720 - root - INFO - Producer 45 did not manage to publish Tea(name='Pai Mu Tan', price=9, type='White')
2023-04-21 22:29:14,720 - root - INFO - Producer 12 did not manage to publish Coffee(name='Indonezia', price=1, acidity=5.05, roast_level='MEDIUM')
2023-04-21 22:29:14,727 - root - INFO - Producer 31 did not manage to publish Tea(name='White Peach', price=5, type='White')
2023-04-21 22:29:14,728 - root - INFO - Producer 24 did not manage to publish Tea(name='Vietnam Oolong', price=10, type='Oolong')
2023-04-21 22:29:14,730 - root - INFO - Producer 32 did not manage to publish Coffee(name='Arabica', price=9, acidity=5.02, roast_level='MEDIUM')
2023-04-21 22:29:14,730 - root - INFO - Producer 26 did not manage to publish Tea(name='Jasmine', price=6, type='Green')
2023-04-21 22:29:14,733 - root - INFO - Producer 13 did not manage to publish Tea(name='White Peach', price=5, type='White')
2023-04-21 22:29:14,734 - root - INFO - Producer 49 did not manage to publish Coffee(name='Brasil', price=7, acidity=5.09, roast_level='MEDIUM')
2023-04-21 22:29:14,736 - root - INFO - Producer 33 did not manage to publish Tea(name='Pai Mu Tan', price=9, type='White')
2023-04-21 22:29:14,743 - root - INFO - Producer 34 did not manage to publish Tea(name='English Breakfast', price=2, type='Black')
2023-04-21 22:29:14,743 - root - INFO - Producer 48 did not manage to publish Coffee(name='Arabica', price=9, acidity=5.02, roast_level='MEDIUM')
2023-04-21 22:29:14,757 - root - INFO - Producer 44 did not manage to publish Coffee(name='Indonezia', price=1, acidity=5.05, roast_level='MEDIUM')
2023-04-21 22:29:14,761 - root - INFO - Producer 19 did not manage to publish Coffee(name='Robusta', price=3, acidity=5.0, roast_level='MEDIUM')
2023-04-21 22:29:14,766 - root - INFO - Producer 36 did not manage to publish Coffee(name='Arabica', price=9, acidity=5.02, roast_level='MEDIUM')
2023-04-21 22:29:14,766 - root - INFO - Producer 14 did not manage to publish Coffee(name='Ethiopia', price=10, acidity=5.09, roast_level='MEDIUM')
2023-04-21 22:29:14,766 - root - INFO - Producer 8 did not manage to publish Coffee(name='Indonezia', price=1, acidity=5.05, roast_level='MEDIUM')
2023-04-21 22:29:14,766 - root - INFO - Producer 11 did not manage to publish Coffee(name='Indonezia', price=1, acidity=5.05, roast_level='MEDIUM')
2023-04-21 22:29:14,771 - root - INFO - Producer 47 did not manage to publish Tea(name='English Breakfast', price=2, type='Black')
2023-04-21 22:29:14,784 - root - INFO - Producer 15 did not manage to publish Coffee(name='Indonezia', price=1, acidity=5.05, roast_level='MEDIUM')
2023-04-21 22:29:14,789 - root - INFO - Producer 17 did not manage to publish Tea(name='English Breakfast', price=2, type='Black')
2023-04-21 22:29:14,790 - root - INFO - Producer 6 did not manage to publish Coffee(name='Brasil', price=7, acidity=5.09, roast_level='MEDIUM')
2023-04-21 22:29:14,793 - root - INFO - Producer 27 did not manage to publish Tea(name='Pai Mu Tan', price=9, type='White')
2023-04-21 22:29:14,800 - root - INFO - Producer 45 did not manage to publish Tea(name='Pai Mu Tan', price=9, type='White')
2023-04-21 22:29:14,804 - root - INFO - Producer 41 did not manage to publish Tea(name='English Breakfast', price=2, type='Black')
2023-04-21 22:29:14,809 - root - INFO - Producer 25 published Coffee(name='Arabica', price=9, acidity=5.02, roast_level='MEDIUM')
2023-04-21 22:29:14,811 - root - INFO - Producer 3 published Tea(name='White Peach', price=5, type='White')
2023-04-21 22:29:14,817 - root - INFO - Producer 2 published Tea(name='English Breakfast', price=2, type='Black')
2023-04-21 22:29:14,819 - root - INFO - Producer 43 did not manage to publish Tea(name='White Peach', price=5, type='White')
2023-04-21 22:29:14,820 - root - INFO - Producer 0 published Tea(name='Vietnam Oolong', price=10, type='Oolong')
2023-04-21 22:29:14,821 - root - INFO - Producer 18 did not manage to publish Coffee(name='Robusta', price=3, acidity=5.0, roast_level='MEDIUM')
2023-04-21 22:29:14,827 - root - INFO - Producer 38 did not manage to publish Coffee(name='Indonezia', price=1, acidity=5.05, roast_level='MEDIUM')
2023-04-21 22:29:14,828 - root - INFO - Coffee(name='Robusta', price=3, acidity=5.0, roast_level='MEDIUM') was added to cart 577
2023-04-21 22:29:14,833 - root - INFO - Producer 35 did not manage to publish Coffee(name='Ethiopia', price=10, acidity=5.09, roast_level='MEDIUM')
2023-04-21 22:29:14,842 - root - INFO - Producer 47 did not manage to publish Tea(name='English Breakfast', price=2, type='Black')
2023-04-21 22:29:14,846 - root - INFO - Producer 36 did not manage to publish Coffee(name='Arabica', price=9, acidity=5.02, roast_level='MEDIUM')
2023-04-21 22:29:14,850 - root - INFO - Producer 4 published Tea(name='Pai Mu Tan', price=9, type='White')
2023-04-21 22:29:14,854 - root - INFO - Producer 20 did not manage to publish Coffee(name='Brasil', price=7, acidity=5.09, roast_level='MEDIUM')
2023-04-21 22:29:14,857 - root - INFO - Producer 14 did not manage to publish Coffee(name='Ethiopia', price=10, acidity=5.09, roast_level='MEDIUM')
2023-04-21 22:29:14,857 - root - INFO - Producer 8 did not manage to publish Coffee(name='Indonezia', price=1, acidity=5.05, roast_level='MEDIUM')
2023-04-21 22:29:14,857 - root - INFO - Producer 33 did not manage to publish Tea(name='Pai Mu Tan', price=9, type='White')
2023-04-21 22:29:14,858 - root - INFO - Producer 44 did not manage to publish Coffee(name='Indonezia', price=1, acidity=5.05, roast_level='MEDIUM')
2023-04-21 22:29:14,863 - root - INFO - Producer 34 did not manage to publish Tea(name='English Breakfast', price=2, type='Black')
2023-04-21 22:29:14,866 - root - INFO - Producer 37 did not manage to publish Tea(name='Pai Mu Tan', price=9, type='White')
2023-04-21 22:29:14,870 - root - INFO - Producer 6 did not manage to publish Coffee(name='Brasil', price=7, acidity=5.09, roast_level='MEDIUM')
2023-04-21 22:29:14,870 - root - INFO - Producer 5 published Coffee(name='Robusta', price=3, acidity=5.0, roast_level='MEDIUM')
2023-04-21 22:29:14,874 - root - INFO - Producer 46 did not manage to publish Coffee(name='Indonezia', price=1, acidity=5.05, roast_level='MEDIUM')
2023-04-21 22:29:14,877 - root - INFO - Producer 30 did not manage to publish Coffee(name='Indonezia', price=1, acidity=5.05, roast_level='MEDIUM')
2023-04-21 22:29:14,880 - root - INFO - Producer 10 did not manage to publish Coffee(name='Indonezia', price=1, acidity=5.05, roast_level='MEDIUM')
2023-04-21 22:29:14,880 - root - INFO - Producer 28 did not manage to publish Tea(name='Pai Mu Tan', price=9, type='White')
2023-04-21 22:29:14,880 - root - INFO - Producer 32 did not manage to publish Coffee(name='Arabica', price=9, acidity=5.02, roast_level='MEDIUM')
2023-04-21 22:29:14,881 - root - INFO - Producer 45 did not manage to publish Tea(name='Pai Mu Tan', price=9, type='White')
2023-04-21 22:29:14,890 - root - INFO - Producer 17 did not manage to publish Tea(name='English Breakfast', price=2, type='Black')
2023-04-21 22:29:14,897 - root - INFO - Producer 11 did not manage to publish Coffee(name='Indonezia', price=1, acidity=5.05, roast_level='MEDIUM')
2023-04-21 22:29:14,897 - root - INFO - Producer 2 published Tea(name='Jasmine', price=6, type='Green')
2023-04-21 22:29:14,902 - root - INFO - Producer 7 published Coffee(name='Indonezia', price=1, acidity=5.05, roast_level='MEDIUM')
2023-04-21 22:29:14,904 - root - INFO - Producer 49 did not manage to publish Coffee(name='Brasil', price=7, acidity=5.09, roast_level='MEDIUM')
2023-04-21 22:29:14,910 - root - INFO - Producer 26 did not manage to publish Tea(name='Jasmine', price=6, type='Green')
2023-04-21 22:29:14,912 - root - INFO - Producer 47 did not manage to publish Tea(name='English Breakfast', price=2, type='Black')
2023-04-21 22:29:14,915 - root - INFO - Producer 16 did not manage to publish Tea(name='Pai Mu Tan', price=9, type='White')
2023-04-21 22:29:14,927 - root - INFO - Producer 36 did not manage to publish Coffee(name='Arabica', price=9, acidity=5.02, roast_level='MEDIUM')
2023-04-21 22:29:14,927 - root - INFO - Producer 31 did not manage to publish Tea(name='White Peach', price=5, type='White')
2023-04-21 22:29:14,947 - root - INFO - Producer 14 did not manage to publish Coffee(name='Ethiopia', price=10, acidity=5.09, roast_level='MEDIUM')
2023-04-21 22:29:14,947 - root - INFO - Producer 8 did not manage to publish Coffee(name='Indonezia', price=1, acidity=5.05, roast_level='MEDIUM')
2023-04-21 22:29:14,950 - root - INFO - Producer 40 did not manage to publish Coffee(name='Ethiopia', price=10, acidity=5.09, roast_level='MEDIUM')
2023-04-21 22:29:14,950 - root - INFO - Producer 6 did not manage to publish Coffee(name='Brasil', price=7, acidity=5.09, roast_level='MEDIUM')
2023-04-21 22:29:14,953 - root - INFO - Producer 48 did not manage to publish Coffee(name='Arabica', price=9, acidity=5.02, roast_level='MEDIUM')
2023-04-21 22:29:14,958 - root - INFO - Producer 44 did not manage to publish Coffee(name='Indonezia', price=1, acidity=5.05, roast_level='MEDIUM')
2023-04-21 22:29:14,959 - root - INFO - Producer 43 did not manage to publish Tea(name='White Peach', price=5, type='White')
2023-04-21 22:29:14,961 - root - INFO - Producer 45 did not manage to publish Tea(name='Pai Mu Tan', price=9, type='White')
2023-04-21 22:29:14,963 - root - INFO - Producer 35 did not manage to publish Coffee(name='Ethiopia', price=10, acidity=5.09, roast_level='MEDIUM')
2023-04-21 22:29:14,971 - root - INFO - Producer 39 did not manage to publish Tea(name='English Breakfast', price=2, type='Black')
2023-04-21 22:29:14,975 - root - INFO - Producer 22 did not manage to publish Tea(name='English Breakfast', price=2, type='Black')
2023-04-21 22:29:14,977 - root - INFO - Producer 33 did not manage to publish Tea(name='Pai Mu Tan', price=9, type='White')
2023-04-21 22:29:14,981 - root - INFO - Producer 18 did not manage to publish Coffee(name='Robusta', price=3, acidity=5.0, roast_level='MEDIUM')
2023-04-21 22:29:14,982 - root - INFO - Producer 47 did not manage to publish Tea(name='English Breakfast', price=2, type='Black')
2023-04-21 22:29:14,983 - root - INFO - Producer 34 did not manage to publish Tea(name='English Breakfast', price=2, type='Black')
2023-04-21 22:29:14,990 - root - INFO - Producer 17 did not manage to publish Tea(name='English Breakfast', price=2, type='Black')
2023-04-21 22:29:14,990 - root - INFO - Producer 29 did not manage to publish Tea(name='Jasmine', price=6, type='Green')
2023-04-21 22:29:14,995 - root - INFO - Producer 20 did not manage to publish Coffee(name='Brasil', price=7, acidity=5.09, roast_level='MEDIUM')
2023-04-21 22:29:14,999 - root - INFO - Producer 21 did not manage to publish Tea(name='Vietnam Oolong', price=10, type='Oolong')
2023-04-21 22:29:15,003 - root - INFO - Producer 27 did not manage to publish Tea(name='Pai Mu Tan', price=9, type='White')
2023-04-21 22:29:15,007 - root - INFO - Producer 36 did not manage to publish Coffee(name='Arabica', price=9, acidity=5.02, roast_level='MEDIUM')
2023-04-21 22:29:15,015 - root - INFO - Producer 41 did not manage to publish Tea(name='English Breakfast', price=2, type='Black')
2023-04-21 22:29:15,017 - root - INFO - Producer 37 did not manage to publish Tea(name='Pai Mu Tan', price=9, type='White')
2023-04-21 22:29:15,024 - root - INFO - Producer 42 did not manage to publish Coffee(name='Robusta', price=3, acidity=5.0, roast_level='MEDIUM')
2023-04-21 22:29:15,024 - root - INFO - Producer 23 did not manage to publish Tea(name='Pai Mu Tan', price=9, type='White')
2023-04-21 22:29:15,027 - root - INFO - Producer 11 did not manage to publish Coffee(name='Indonezia', price=1, acidity=5.05, roast_level='MEDIUM')
2023-04-21 22:29:15,030 - root - INFO - Producer 32 did not manage to publish Coffee(name='Arabica', price=9, acidity=5.02, roast_level='MEDIUM')
2023-04-21 22:29:15,031 - root - INFO - Producer 6 did not manage to publish Coffee(name='Brasil', price=7, acidity=5.09, roast_level='MEDIUM')
2023-04-21 22:29:15,032 - root - INFO - Producer 19 did not manage to publish Coffee(name='Robusta', price=3, acidity=5.0, roast_level='MEDIUM')
2023-04-21 22:29:15,038 - root - INFO - Producer 14 did not manage to publish Coffee(name='Ethiopia', price=10, acidity=5.09, roast_level='MEDIUM')
2023-04-21 22:29:15,038 - root - INFO - Producer 8 did not manage to publish Coffee(name='Indonezia', price=1, acidity=5.05, roast_level='MEDIUM')
2023-04-21 22:29:15,041 - root - INFO - Producer 45 did not manage to publish Tea(name='Pai Mu Tan', price=9, type='White')
2023-04-21 22:29:15,045 - root - INFO - Producer 9 did not manage to publish Tea(name='Vietnam Oolong', price=10, type='Oolong')
2023-04-21 22:29:15,053 - root - INFO - Producer 47 did not manage to publish Tea(name='English Breakfast', price=2, type='Black')
2023-04-21 22:29:15,058 - root - INFO - Producer 2 published Tea(name='Jasmine', price=6, type='Green')
2023-04-21 22:29:15,058 - root - INFO - Producer 44 did not manage to publish Coffee(name='Indonezia', price=1, acidity=5.05, roast_level='MEDIUM')
2023-04-21 22:29:15,061 - root - INFO - Producer 12 did not manage to publish Coffee(name='Indonezia', price=1, acidity=5.05, roast_level='MEDIUM')
2023-04-21 22:29:15,074 - root - INFO - Producer 1 published Coffee(name='Ethiopia', price=10, acidity=5.09, roast_level='MEDIUM')
2023-04-21 22:29:15,075 - root - INFO - Producer 49 did not manage to publish Coffee(name='Brasil', price=7, acidity=5.09, roast_level='MEDIUM')
2023-04-21 22:29:15,077 - root - INFO - Producer 30 did not manage to publish Coffee(name='Indonezia', price=1, acidity=5.05, roast_level='MEDIUM')
2023-04-21 22:29:15,081 - root - INFO - Producer 0 published Tea(name='Vietnam Oolong', price=10, type='Oolong')
2023-04-21 22:29:15,087 - root - INFO - Producer 36 did not manage to publish Coffee(name='Arabica', price=9, acidity=5.02, roast_level='MEDIUM')
2023-04-21 22:29:15,091 - root - INFO - Producer 17 did not manage to publish Tea(name='English Breakfast', price=2, type='Black')
2023-04-21 22:29:15,091 - root - INFO - Producer 26 did not manage to publish Tea(name='Jasmine', price=6, type='Green')
2023-04-21 22:29:15,094 - root - INFO - Producer 35 did not manage to publish Coffee(name='Ethiopia', price=10, acidity=5.09, roast_level='MEDIUM')
2023-04-21 22:29:15,094 - root - INFO - Producer 13 did not manage to publish Tea(name='White Peach', price=5, type='White')
2023-04-21 22:29:15,098 - root - INFO - Producer 33 did not manage to publish Tea(name='Pai Mu Tan', price=9, type='White')
2023-04-21 22:29:15,099 - root - INFO - Producer 24 did not manage to publish Tea(name='Vietnam Oolong', price=10, type='Oolong')
2023-04-21 22:29:15,100 - root - INFO - Producer 43 did not manage to publish Tea(name='White Peach', price=5, type='White')
2023-04-21 22:29:15,104 - root - INFO - Producer 34 did not manage to publish Tea(name='English Breakfast', price=2, type='Black')
2023-04-21 22:29:15,111 - root - INFO - Producer 4 published Coffee(name='Arabica', price=9, acidity=5.02, roast_level='MEDIUM')
2023-04-21 22:29:15,111 - root - INFO - Producer 6 did not manage to publish Coffee(name='Brasil', price=7, acidity=5.09, roast_level='MEDIUM')
2023-04-21 22:29:15,122 - root - INFO - Producer 45 did not manage to publish Tea(name='Pai Mu Tan', price=9, type='White')
2023-04-21 22:29:15,123 - root - INFO - Producer 47 did not manage to publish Tea(name='English Breakfast', price=2, type='Black')
2023-04-21 22:29:15,128 - root - INFO - Producer 31 did not manage to publish Tea(name='White Peach', price=5, type='White')
2023-04-21 22:29:15,128 - root - INFO - Producer 14 did not manage to publish Coffee(name='Ethiopia', price=10, acidity=5.09, roast_level='MEDIUM')
2023-04-21 22:29:15,128 - root - INFO - Producer 8 did not manage to publish Coffee(name='Indonezia', price=1, acidity=5.05, roast_level='MEDIUM')
2023-04-21 22:29:15,135 - root - INFO - Producer 20 did not manage to publish Coffee(name='Brasil', price=7, acidity=5.09, roast_level='MEDIUM')
2023-04-21 22:29:15,142 - root - INFO - Producer 18 did not manage to publish Coffee(name='Robusta', price=3, acidity=5.0, roast_level='MEDIUM')
2023-04-21 22:29:15,155 - root - INFO - Producer 15 did not manage to publish Coffee(name='Indonezia', price=1, acidity=5.05, roast_level='MEDIUM')
2023-04-21 22:29:15,158 - root - INFO - Producer 11 did not manage to publish Coffee(name='Indonezia', price=1, acidity=5.05, roast_level='MEDIUM')
2023-04-21 22:29:15,159 - root - INFO - Producer 44 did not manage to publish Coffee(name='Indonezia', price=1, acidity=5.05, roast_level='MEDIUM')
2023-04-21 22:29:15,159 - root - INFO - Producer 25 did not manage to publish Tea(name='Jasmine', price=6, type='Green')
2023-04-21 22:29:15,164 - root - INFO - Producer 48 did not manage to publish Coffee(name='Arabica', price=9, acidity=5.02, roast_level='MEDIUM')
2023-04-21 22:29:15,164 - root - INFO - Producer 1 published Coffee(name='Ethiopia', price=10, acidity=5.09, roast_level='MEDIUM')
2023-04-21 22:29:15,167 - root - INFO - Producer 37 did not manage to publish Tea(name='Pai Mu Tan', price=9, type='White')
2023-04-21 22:29:15,167 - root - INFO - Producer 38 did not manage to publish Coffee(name='Indonezia', price=1, acidity=5.05, roast_level='MEDIUM')
2023-04-21 22:29:15,168 - root - INFO - Producer 36 did not manage to publish Coffee(name='Arabica', price=9, acidity=5.02, roast_level='MEDIUM')
2023-04-21 22:29:15,170 - root - INFO - Producer 10 did not manage to publish Coffee(name='Indonezia', price=1, acidity=5.05, roast_level='MEDIUM')
2023-04-21 22:29:15,171 - root - INFO - Producer 3 published Coffee(name='Indonezia', price=1, acidity=5.05, roast_level='MEDIUM')
2023-04-21 22:29:15,181 - root - INFO - Producer 32 did not manage to publish Coffee(name='Arabica', price=9, acidity=5.02, roast_level='MEDIUM')
2023-04-21 22:29:15,191 - root - INFO - Producer 17 did not manage to publish Tea(name='English Breakfast', price=2, type='Black')
2023-04-21 22:29:15,191 - root - INFO - Producer 6 did not manage to publish Coffee(name='Brasil', price=7, acidity=5.09, roast_level='MEDIUM')
2023-04-21 22:29:15,193 - root - INFO - Producer 47 did not manage to publish Tea(name='English Breakfast', price=2, type='Black')
2023-04-21 22:29:15,194 - root - INFO - Producer 46 did not manage to publish Coffee(name='Indonezia', price=1, acidity=5.05, roast_level='MEDIUM')
2023-04-21 22:29:15,196 - root - INFO - Producer 16 did not manage to publish Tea(name='Pai Mu Tan', price=9, type='White')
2023-04-21 22:29:15,198 - root - INFO - Coffee(name='Robusta', price=3, acidity=5.0, roast_level='MEDIUM') was added to cart 577
2023-04-21 22:29:15,200 - root - INFO - Producer 28 did not manage to publish Tea(name='Pai Mu Tan', price=9, type='White')
2023-04-21 22:29:15,202 - root - INFO - Producer 45 did not manage to publish Tea(name='Pai Mu Tan', price=9, type='White')
2023-04-21 22:29:15,210 - root - INFO - Producer 25 did not manage to publish Tea(name='Jasmine', price=6, type='Green')
2023-04-21 22:29:15,213 - root - INFO - Producer 27 did not manage to publish Tea(name='Pai Mu Tan', price=9, type='White')
2023-04-21 22:29:15,218 - root - INFO - Producer 2 published Coffee(name='Robusta', price=3, acidity=5.0, roast_level='MEDIUM')
2023-04-21 22:29:15,218 - root - INFO - Producer 33 did not manage to publish Tea(name='Pai Mu Tan', price=9, type='White')
2023-04-21 22:29:15,219 - root - INFO - Producer 14 did not manage to publish Coffee(name='Ethiopia', price=10, acidity=5.09, roast_level='MEDIUM')
2023-04-21 22:29:15,219 - root - INFO - Producer 8 did not manage to publish Coffee(name='Indonezia', price=1, acidity=5.05, roast_level='MEDIUM')
2023-04-21 22:29:15,221 - root - INFO - Producer 40 did not manage to publish Coffee(name='Ethiopia', price=10, acidity=5.09, roast_level='MEDIUM')
2023-04-21 22:29:15,224 - root - INFO - Producer 34 did not manage to publish Tea(name='English Breakfast', price=2, type='Black')
2023-04-21 22:29:15,224 - root - INFO - Producer 35 did not manage to publish Coffee(name='Ethiopia', price=10, acidity=5.09, roast_level='MEDIUM')
2023-04-21 22:29:15,225 - root - INFO - Producer 41 did not manage to publish Tea(name='English Breakfast', price=2, type='Black')
2023-04-21 22:29:15,240 - root - INFO - Producer 43 did not manage to publish Tea(name='White Peach', price=5, type='White')
2023-04-21 22:29:15,241 - root - INFO - Producer 5 published Coffee(name='Robusta', price=3, acidity=5.0, roast_level='MEDIUM')
2023-04-21 22:29:15,245 - root - INFO - Producer 49 did not manage to publish Coffee(name='Brasil', price=7, acidity=5.09, roast_level='MEDIUM')
2023-04-21 22:29:15,248 - root - INFO - Producer 36 did not manage to publish Coffee(name='Arabica', price=9, acidity=5.02, roast_level='MEDIUM')
2023-04-21 22:29:15,255 - root - INFO - Producer 1 published Coffee(name='Brasil', price=7, acidity=5.09, roast_level='MEDIUM')
2023-04-21 22:29:15,259 - root - INFO - Producer 44 did not manage to publish Coffee(name='Indonezia', price=1, acidity=5.05, roast_level='MEDIUM')
2023-04-21 22:29:15,260 - root - INFO - Producer 25 did not manage to publish Tea(name='Jasmine', price=6, type='Green')
2023-04-21 22:29:15,264 - root - INFO - Producer 47 did not manage to publish Tea(name='English Breakfast', price=2, type='Black')
2023-04-21 22:29:15,271 - root - INFO - Producer 26 did not manage to publish Tea(name='Jasmine', price=6, type='Green')
2023-04-21 22:29:15,272 - root - INFO - Producer 6 did not manage to publish Coffee(name='Brasil', price=7, acidity=5.09, roast_level='MEDIUM')
2023-04-21 22:29:15,276 - root - INFO - Producer 20 did not manage to publish Coffee(name='Brasil', price=7, acidity=5.09, roast_level='MEDIUM')
2023-04-21 22:29:15,277 - root - INFO - Producer 30 did not manage to publish Coffee(name='Indonezia', price=1, acidity=5.05, roast_level='MEDIUM')
2023-04-21 22:29:15,283 - root - INFO - Producer 45 did not manage to publish Tea(name='Pai Mu Tan', price=9, type='White')
2023-04-21 22:29:15,288 - root - INFO - Producer 11 did not manage to publish Coffee(name='Indonezia', price=1, acidity=5.05, roast_level='MEDIUM')
2023-04-21 22:29:15,290 - root - INFO - Producer 21 did not manage to publish Tea(name='Vietnam Oolong', price=10, type='Oolong')
2023-04-21 22:29:15,291 - root - INFO - Producer 17 did not manage to publish Tea(name='English Breakfast', price=2, type='Black')
2023-04-21 22:29:15,293 - root - INFO - Producer 7 published Tea(name='Pai Mu Tan', price=9, type='White')
2023-04-21 22:29:15,301 - root - INFO - Producer 29 did not manage to publish Tea(name='Jasmine', price=6, type='Green')
2023-04-21 22:29:15,302 - root - INFO - Producer 19 did not manage to publish Coffee(name='Robusta', price=3, acidity=5.0, roast_level='MEDIUM')
2023-04-21 22:29:15,302 - root - INFO - Producer 18 did not manage to publish Coffee(name='Robusta', price=3, acidity=5.0, roast_level='MEDIUM')
2023-04-21 22:29:15,306 - root - INFO - Producer 22 did not manage to publish Tea(name='English Breakfast', price=2, type='Black')
2023-04-21 22:29:15,309 - root - INFO - Producer 14 did not manage to publish Coffee(name='Ethiopia', price=10, acidity=5.09, roast_level='MEDIUM')
2023-04-21 22:29:15,309 - root - INFO - Producer 8 did not manage to publish Coffee(name='Indonezia', price=1, acidity=5.05, roast_level='MEDIUM')
2023-04-21 22:29:15,310 - root - INFO - Producer 25 did not manage to publish Tea(name='Jasmine', price=6, type='Green')
2023-04-21 22:29:15,318 - root - INFO - Producer 37 did not manage to publish Tea(name='Pai Mu Tan', price=9, type='White')
2023-04-21 22:29:15,328 - root - INFO - Producer 31 did not manage to publish Tea(name='White Peach', price=5, type='White')
2023-04-21 22:29:15,329 - root - INFO - Producer 36 did not manage to publish Coffee(name='Arabica', price=9, acidity=5.02, roast_level='MEDIUM')
2023-04-21 22:29:15,331 - root - INFO - Producer 39 did not manage to publish Tea(name='English Breakfast', price=2, type='Black')
2023-04-21 22:29:15,331 - root - INFO - Producer 32 did not manage to publish Coffee(name='Arabica', price=9, acidity=5.02, roast_level='MEDIUM')
2023-04-21 22:29:15,334 - root - INFO - Producer 47 did not manage to publish Tea(name='English Breakfast', price=2, type='Black')
2023-04-21 22:29:15,339 - root - INFO - Producer 33 did not manage to publish Tea(name='Pai Mu Tan', price=9, type='White')
2023-04-21 22:29:15,341 - root - INFO - Producer 0 published Tea(name='White Peach', price=5, type='White')
2023-04-21 22:29:15,345 - root - INFO - Producer 34 did not manage to publish Tea(name='English Breakfast', price=2, type='Black')
2023-04-21 22:29:15,352 - root - INFO - Producer 6 did not manage to publish Coffee(name='Brasil', price=7, acidity=5.09, roast_level='MEDIUM')
2023-04-21 22:29:15,355 - root - INFO - Producer 35 did not manage to publish Coffee(name='Ethiopia', price=10, acidity=5.09, roast_level='MEDIUM')
2023-04-21 22:29:15,359 - root - INFO - Producer 44 did not manage to publish Coffee(name='Indonezia', price=1, acidity=5.05, roast_level='MEDIUM')
2023-04-21 22:29:15,361 - root - INFO - Producer 25 did not manage to publish Tea(name='Jasmine', price=6, type='Green')
2023-04-21 22:29:15,363 - root - INFO - Producer 45 did not manage to publish Tea(name='Pai Mu Tan', price=9, type='White')
2023-04-21 22:29:15,368 - root - INFO - Producer 2 published Coffee(name='Arabica', price=9, acidity=5.02, roast_level='MEDIUM')
2023-04-21 22:29:15,371 - root - INFO - Producer 4 published Coffee(name='Arabica', price=9, acidity=5.02, roast_level='MEDIUM')
2023-04-21 22:29:15,374 - root - INFO - Producer 48 did not manage to publish Coffee(name='Arabica', price=9, acidity=5.02, roast_level='MEDIUM')
2023-04-21 22:29:15,381 - root - INFO - Producer 43 did not manage to publish Tea(name='White Peach', price=5, type='White')
2023-04-21 22:29:15,385 - root - INFO - Producer 23 did not manage to publish Tea(name='Pai Mu Tan', price=9, type='White')
2023-04-21 22:29:15,392 - root - INFO - Producer 17 did not manage to publish Tea(name='English Breakfast', price=2, type='Black')
2023-04-21 22:29:15,399 - root - INFO - Producer 14 did not manage to publish Coffee(name='Ethiopia', price=10, acidity=5.09, roast_level='MEDIUM')
2023-04-21 22:29:15,400 - root - INFO - Producer 8 did not manage to publish Coffee(name='Indonezia', price=1, acidity=5.05, roast_level='MEDIUM')
2023-04-21 22:29:15,401 - root - INFO - Producer 12 did not manage to publish Coffee(name='Indonezia', price=1, acidity=5.05, roast_level='MEDIUM')
2023-04-21 22:29:15,402 - root - INFO - Producer 3 published Coffee(name='Indonezia', price=1, acidity=5.05, roast_level='MEDIUM')
2023-04-21 22:29:15,405 - root - INFO - Producer 47 did not manage to publish Tea(name='English Breakfast', price=2, type='Black')
2023-04-21 22:29:15,405 - root - INFO - Producer 1 published Coffee(name='Brasil', price=7, acidity=5.09, roast_level='MEDIUM')
2023-04-21 22:29:15,409 - root - INFO - Producer 36 did not manage to publish Coffee(name='Arabica', price=9, acidity=5.02, roast_level='MEDIUM')
2023-04-21 22:29:15,411 - root - INFO - Producer 25 did not manage to publish Tea(name='Jasmine', price=6, type='Green')
2023-04-21 22:29:15,415 - root - INFO - Producer 42 did not manage to publish Coffee(name='Robusta', price=3, acidity=5.0, roast_level='MEDIUM')
2023-04-21 22:29:15,415 - root - INFO - Producer 9 did not manage to publish Tea(name='Vietnam Oolong', price=10, type='Oolong')
2023-04-21 22:29:15,416 - root - INFO - Producer 49 did not manage to publish Coffee(name='Brasil', price=7, acidity=5.09, roast_level='MEDIUM')
2023-04-21 22:29:15,416 - root - INFO - Producer 20 did not manage to publish Coffee(name='Brasil', price=7, acidity=5.09, roast_level='MEDIUM')
2023-04-21 22:29:15,419 - root - INFO - Producer 11 did not manage to publish Coffee(name='Indonezia', price=1, acidity=5.05, roast_level='MEDIUM')
2023-04-21 22:29:15,424 - root - INFO - Producer 27 did not manage to publish Tea(name='Pai Mu Tan', price=9, type='White')
2023-04-21 22:29:15,432 - root - INFO - Producer 6 did not manage to publish Coffee(name='Brasil', price=7, acidity=5.09, roast_level='MEDIUM')
2023-04-21 22:29:15,435 - root - INFO - Producer 41 did not manage to publish Tea(name='English Breakfast', price=2, type='Black')
2023-04-21 22:29:15,444 - root - INFO - Producer 45 did not manage to publish Tea(name='Pai Mu Tan', price=9, type='White')
2023-04-21 22:29:15,452 - root - INFO - Producer 26 did not manage to publish Tea(name='Jasmine', price=6, type='Green')
2023-04-21 22:29:15,455 - root - INFO - Producer 13 did not manage to publish Tea(name='White Peach', price=5, type='White')
2023-04-21 22:29:15,459 - root - INFO - Producer 33 did not manage to publish Tea(name='Pai Mu Tan', price=9, type='White')
2023-04-21 22:29:15,460 - root - INFO - Producer 44 did not manage to publish Coffee(name='Indonezia', price=1, acidity=5.05, roast_level='MEDIUM')
2023-04-21 22:29:15,461 - root - INFO - Producer 10 did not manage to publish Coffee(name='Indonezia', price=1, acidity=5.05, roast_level='MEDIUM')
2023-04-21 22:29:15,461 - root - INFO - Producer 25 did not manage to publish Tea(name='Jasmine', price=6, type='Green')
2023-04-21 22:29:15,462 - root - INFO - Producer 18 did not manage to publish Coffee(name='Robusta', price=3, acidity=5.0, roast_level='MEDIUM')
2023-04-21 22:29:15,465 - root - INFO - Producer 34 did not manage to publish Tea(name='English Breakfast', price=2, type='Black')
2023-04-21 22:29:15,468 - root - INFO - Producer 37 did not manage to publish Tea(name='Pai Mu Tan', price=9, type='White')
2023-04-21 22:29:15,469 - root - INFO - Producer 24 did not manage to publish Tea(name='Vietnam Oolong', price=10, type='Oolong')
2023-04-21 22:29:15,475 - root - INFO - Producer 47 did not manage to publish Tea(name='English Breakfast', price=2, type='Black')
2023-04-21 22:29:15,476 - root - INFO - Producer 16 did not manage to publish Tea(name='Pai Mu Tan', price=9, type='White')
2023-04-21 22:29:15,478 - root - INFO - Producer 30 did not manage to publish Coffee(name='Indonezia', price=1, acidity=5.05, roast_level='MEDIUM')
2023-04-21 22:29:15,482 - root - INFO - Producer 32 did not manage to publish Coffee(name='Arabica', price=9, acidity=5.02, roast_level='MEDIUM')
2023-04-21 22:29:15,485 - root - INFO - Producer 35 did not manage to publish Coffee(name='Ethiopia', price=10, acidity=5.09, roast_level='MEDIUM')
2023-04-21 22:29:15,489 - root - INFO - Producer 36 did not manage to publish Coffee(name='Arabica', price=9, acidity=5.02, roast_level='MEDIUM')
2023-04-21 22:29:15,490 - root - INFO - Producer 14 did not manage to publish Coffee(name='Ethiopia', price=10, acidity=5.09, roast_level='MEDIUM')
2023-04-21 22:29:15,490 - root - INFO - Producer 8 did not manage to publish Coffee(name='Indonezia', price=1, acidity=5.05, roast_level='MEDIUM')
2023-04-21 22:29:15,491 - root - INFO - Producer 40 did not manage to publish Coffee(name='Ethiopia', price=10, acidity=5.09, roast_level='MEDIUM')
2023-04-21 22:29:15,492 - root - INFO - Producer 17 did not manage to publish Tea(name='English Breakfast', price=2, type='Black')
2023-04-21 22:29:15,508 - root - INFO - Producer 38 did not manage to publish Coffee(name='Indonezia', price=1, acidity=5.05, roast_level='MEDIUM')
2023-04-21 22:29:15,511 - root - INFO - Producer 25 did not manage to publish Tea(name='Jasmine', price=6, type='Green')
2023-04-21 22:29:15,513 - root - INFO - Producer 6 did not manage to publish Coffee(name='Brasil', price=7, acidity=5.09, roast_level='MEDIUM')
2023-04-21 22:29:15,514 - root - INFO - Producer 46 did not manage to publish Coffee(name='Indonezia', price=1, acidity=5.05, roast_level='MEDIUM')
2023-04-21 22:29:15,521 - root - INFO - Producer 43 did not manage to publish Tea(name='White Peach', price=5, type='White')
2023-04-21 22:29:15,521 - root - INFO - Producer 28 did not manage to publish Tea(name='Pai Mu Tan', price=9, type='White')
2023-04-21 22:29:15,524 - root - INFO - Producer 45 did not manage to publish Tea(name='Pai Mu Tan', price=9, type='White')
2023-04-21 22:29:15,526 - root - INFO - Producer 15 did not manage to publish Coffee(name='Indonezia', price=1, acidity=5.05, roast_level='MEDIUM')
2023-04-21 22:29:15,529 - root - INFO - Producer 31 did not manage to publish Tea(name='White Peach', price=5, type='White')
2023-04-21 22:29:15,545 - root - INFO - Producer 47 did not manage to publish Tea(name='English Breakfast', price=2, type='Black')
2023-04-21 22:29:15,549 - root - INFO - Producer 11 did not manage to publish Coffee(name='Indonezia', price=1, acidity=5.05, roast_level='MEDIUM')
2023-04-21 22:29:15,555 - root - INFO - Producer 1 published Coffee(name='Brasil', price=7, acidity=5.09, roast_level='MEDIUM')
2023-04-21 22:29:15,556 - root - INFO - Producer 20 did not manage to publish Coffee(name='Brasil', price=7, acidity=5.09, roast_level='MEDIUM')
2023-04-21 22:29:15,560 - root - INFO - Producer 44 did not manage to publish Coffee(name='Indonezia', price=1, acidity=5.05, roast_level='MEDIUM')
2023-04-21 22:29:15,562 - root - INFO - Producer 25 did not manage to publish Tea(name='Jasmine', price=6, type='Green')
